[
  {
    "level": "INFO",
    "message": "[Transaction a3124] Transaction started",
    "tags": {
      "a": "Hello",
      "b": "Hi",
      "timestamp": "2024-09-19T13:32:29+02:00",
      "transaction_id": "a3124"
    }
  },
  {
    "level": "DEBUG",
    "message": "[Transaction a3124] This log uses the default driver",
    "tags": {
      "a": "Hello",
      "b": "Hi",
      "timestamp": "2024-09-19T13:32:29+02:00",
      "transaction_id": "a3124"
    }
  },
  {
    "level": "DEBUG",
    "message": "[Transaction a3124] This is the second log",
    "tags": {
      "first": "hello",
      "second": "hi",
      "timestamp": "2024-09-19T13:32:29+02:00"
    }
  },
  {
    "level": "INFO",
    "message": "[Transaction a3124] Transaction ended",
    "tags": {
      "first": "hello",
      "second": "hi",
      "timestamp": "2024-09-19T13:32:29+02:00"
    }
  }
]